<?xml version="1.0" encoding="UTF-8"?>
<testsuite xmlns:xsi="http://www.w3.org/2001/XMLSchema-instance" xsi:noNamespaceSchemaLocation="https://maven.apache.org/surefire/maven-surefire-plugin/xsd/surefire-test-report-3.0.xsd" version="3.0" name="io.helidon.examples.quickstart.mp.MainTest" time="9.456" tests="5" errors="0" skipped="0" failures="0">
  <properties>
    <property name="java.specification.version" value="17"/>
    <property name="jersey.config.allowSystemPropertiesProvider" value="true"/>
    <property name="sun.jnu.encoding" value="UTF-8"/>
    <property name="java.class.path" value="/home/rockerzega/Documentos/hel/helidon-quickstart-mp/target/test-classes:/home/rockerzega/Documentos/hel/helidon-quickstart-mp/target/classes:/home/rockerzega/.m2/repository/io/helidon/microprofile/bundles/helidon-microprofile-core/3.1.0/helidon-microprofile-core-3.1.0.jar:/home/rockerzega/.m2/repository/io/helidon/microprofile/server/helidon-microprofile-server/3.1.0/helidon-microprofile-server-3.1.0.jar:/home/rockerzega/.m2/repository/io/helidon/microprofile/cdi/helidon-microprofile-cdi/3.1.0/helidon-microprofile-cdi-3.1.0.jar:/home/rockerzega/.m2/repository/io/helidon/microprofile/weld/weld-se-core/3.1.0/weld-se-core-3.1.0.jar:/home/rockerzega/.m2/repository/io/helidon/microprofile/weld/weld-core-impl/3.1.0/weld-core-impl-3.1.0.jar:/home/rockerzega/.m2/repository/org/jboss/weld/environment/weld-environment-common/4.0.2.Final/weld-environment-common-4.0.2.Final.jar:/home/rockerzega/.m2/repository/org/jboss/weld/weld-api/4.0.SP1/weld-api-4.0.SP1.jar:/home/rockerzega/.m2/repository/org/jboss/weld/weld-spi/4.0.SP1/weld-spi-4.0.SP1.jar:/home/rockerzega/.m2/repository/org/jboss/logging/jboss-logging/3.4.2.Final/jboss-logging-3.4.2.Final.jar:/home/rockerzega/.m2/repository/org/jboss/classfilewriter/jboss-classfilewriter/1.2.5.Final/jboss-classfilewriter-1.2.5.Final.jar:/home/rockerzega/.m2/repository/io/helidon/webserver/helidon-webserver/3.1.0/helidon-webserver-3.1.0.jar:/home/rockerzega/.m2/repository/io/helidon/common/helidon-common-reactive/3.1.0/helidon-common-reactive-3.1.0.jar:/home/rockerzega/.m2/repository/io/helidon/common/helidon-common-mapper/3.1.0/helidon-common-mapper-3.1.0.jar:/home/rockerzega/.m2/repository/io/helidon/media/helidon-media-common/3.1.0/helidon-media-common-3.1.0.jar:/home/rockerzega/.m2/repository/io/helidon/common/helidon-common-key-util/3.1.0/helidon-common-key-util-3.1.0.jar:/home/rockerzega/.m2/repository/io/helidon/logging/helidon-logging-common/3.1.0/helidon-logging-common-3.1.0.jar:/home/rockerzega/.m2/repository/io/helidon/tracing/helidon-tracing/3.1.0/helidon-tracing-3.1.0.jar:/home/rockerzega/.m2/repository/io/helidon/tracing/helidon-tracing-config/3.1.0/helidon-tracing-config-3.1.0.jar:/home/rockerzega/.m2/repository/io/netty/netty-codec-http/4.1.86.Final/netty-codec-http-4.1.86.Final.jar:/home/rockerzega/.m2/repository/io/netty/netty-common/4.1.86.Final/netty-common-4.1.86.Final.jar:/home/rockerzega/.m2/repository/io/netty/netty-transport/4.1.86.Final/netty-transport-4.1.86.Final.jar:/home/rockerzega/.m2/repository/io/netty/netty-codec/4.1.86.Final/netty-codec-4.1.86.Final.jar:/home/rockerzega/.m2/repository/io/netty/netty-handler/4.1.86.Final/netty-handler-4.1.86.Final.jar:/home/rockerzega/.m2/repository/io/netty/netty-resolver/4.1.86.Final/netty-resolver-4.1.86.Final.jar:/home/rockerzega/.m2/repository/io/netty/netty-transport-native-unix-common/4.1.86.Final/netty-transport-native-unix-common-4.1.86.Final.jar:/home/rockerzega/.m2/repository/io/helidon/webserver/helidon-webserver-static-content/3.1.0/helidon-webserver-static-content-3.1.0.jar:/home/rockerzega/.m2/repository/io/helidon/common/helidon-common-media-type/3.1.0/helidon-common-media-type-3.1.0.jar:/home/rockerzega/.m2/repository/io/helidon/webserver/helidon-webserver-jersey/3.1.0/helidon-webserver-jersey-3.1.0.jar:/home/rockerzega/.m2/repository/io/helidon/jersey/helidon-jersey-server/3.1.0/helidon-jersey-server-3.1.0.jar:/home/rockerzega/.m2/repository/org/glassfish/jersey/core/jersey-server/3.0.8/jersey-server-3.0.8.jar:/home/rockerzega/.m2/repository/jakarta/validation/jakarta.validation-api/3.0.0/jakarta.validation-api-3.0.0.jar:/home/rockerzega/.m2/repository/io/netty/netty-buffer/4.1.86.Final/netty-buffer-4.1.86.Final.jar:/home/rockerzega/.m2/repository/jakarta/interceptor/jakarta.interceptor-api/2.0.0/jakarta.interceptor-api-2.0.0.jar:/home/rockerzega/.m2/repository/jakarta/enterprise/jakarta.enterprise.cdi-api/3.0.0/jakarta.enterprise.cdi-api-3.0.0.jar:/home/rockerzega/.m2/repository/jakarta/el/jakarta.el-api/4.0.0/jakarta.el-api-4.0.0.jar:/home/rockerzega/.m2/repository/io/helidon/media/helidon-media-jsonp/3.1.0/helidon-media-jsonp-3.1.0.jar:/home/rockerzega/.m2/repository/io/helidon/config/helidon-config-yaml/3.1.0/helidon-config-yaml-3.1.0.jar:/home/rockerzega/.m2/repository/org/glassfish/jersey/ext/cdi/jersey-weld2-se/3.0.8/jersey-weld2-se-3.0.8.jar:/home/rockerzega/.m2/repository/org/glassfish/jersey/ext/cdi/jersey-cdi1x/3.0.8/jersey-cdi1x-3.0.8.jar:/home/rockerzega/.m2/repository/io/helidon/jersey/helidon-jersey-media-jsonp/3.1.0/helidon-jersey-media-jsonp-3.1.0.jar:/home/rockerzega/.m2/repository/org/glassfish/jersey/media/jersey-media-json-processing/3.0.8/jersey-media-json-processing-3.0.8.jar:/home/rockerzega/.m2/repository/org/eclipse/parsson/parsson-media/1.0.2/parsson-media-1.0.2.jar:/home/rockerzega/.m2/repository/io/helidon/microprofile/config/helidon-microprofile-config/3.1.0/helidon-microprofile-config-3.1.0.jar:/home/rockerzega/.m2/repository/io/helidon/config/helidon-config-mp/3.1.0/helidon-config-mp-3.1.0.jar:/home/rockerzega/.m2/repository/io/helidon/config/helidon-config-encryption/3.1.0/helidon-config-encryption-3.1.0.jar:/home/rockerzega/.m2/repository/io/helidon/common/helidon-common-crypto/3.1.0/helidon-common-crypto-3.1.0.jar:/home/rockerzega/.m2/repository/io/helidon/config/helidon-config-object-mapping/3.1.0/helidon-config-object-mapping-3.1.0.jar:/home/rockerzega/.m2/repository/io/helidon/microprofile/openapi/helidon-microprofile-openapi/3.1.0/helidon-microprofile-openapi-3.1.0.jar:/home/rockerzega/.m2/repository/org/eclipse/microprofile/config/microprofile-config-api/3.0.1/microprofile-config-api-3.0.1.jar:/home/rockerzega/.m2/repository/io/helidon/openapi/helidon-openapi/3.1.0/helidon-openapi-3.1.0.jar:/home/rockerzega/.m2/repository/io/smallrye/smallrye-open-api-core/2.1.16/smallrye-open-api-core-2.1.16.jar:/home/rockerzega/.m2/repository/io/smallrye/smallrye-open-api-jaxrs/2.1.16/smallrye-open-api-jaxrs-2.1.16.jar:/home/rockerzega/.m2/repository/org/yaml/snakeyaml/1.32/snakeyaml-1.32.jar:/home/rockerzega/.m2/repository/io/helidon/config/helidon-config/3.1.0/helidon-config-3.1.0.jar:/home/rockerzega/.m2/repository/org/eclipse/microprofile/openapi/microprofile-openapi-api/3.0/microprofile-openapi-api-3.0.jar:/home/rockerzega/.m2/repository/io/helidon/webserver/helidon-webserver-cors/3.1.0/helidon-webserver-cors-3.1.0.jar:/home/rockerzega/.m2/repository/org/eclipse/microprofile/metrics/microprofile-metrics-api/4.0/microprofile-metrics-api-4.0.jar:/home/rockerzega/.m2/repository/io/helidon/microprofile/metrics/helidon-microprofile-metrics/3.1.0/helidon-microprofile-metrics-3.1.0.jar:/home/rockerzega/.m2/repository/io/helidon/common/helidon-common/3.1.0/helidon-common-3.1.0.jar:/home/rockerzega/.m2/repository/io/helidon/service-common/helidon-service-common-rest-cdi/3.1.0/helidon-service-common-rest-cdi-3.1.0.jar:/home/rockerzega/.m2/repository/io/helidon/service-common/helidon-service-common-rest/3.1.0/helidon-service-common-rest-3.1.0.jar:/home/rockerzega/.m2/repository/io/helidon/metrics/helidon-metrics-api/3.1.0/helidon-metrics-api-3.1.0.jar:/home/rockerzega/.m2/repository/io/helidon/common/helidon-common-http/3.1.0/helidon-common-http-3.1.0.jar:/home/rockerzega/.m2/repository/io/helidon/metrics/helidon-metrics-service-api/3.1.0/helidon-metrics-service-api-3.1.0.jar:/home/rockerzega/.m2/repository/io/helidon/common/helidon-common-service-loader/3.1.0/helidon-common-service-loader-3.1.0.jar:/home/rockerzega/.m2/repository/jakarta/annotation/jakarta.annotation-api/2.0.0/jakarta.annotation-api-2.0.0.jar:/home/rockerzega/.m2/repository/io/helidon/metrics/helidon-metrics/3.1.0/helidon-metrics-3.1.0.jar:/home/rockerzega/.m2/repository/io/helidon/common/helidon-common-configurable/3.1.0/helidon-common-configurable-3.1.0.jar:/home/rockerzega/.m2/repository/io/helidon/microprofile/health/helidon-microprofile-health/3.1.0/helidon-microprofile-health-3.1.0.jar:/home/rockerzega/.m2/repository/io/helidon/health/helidon-health/3.1.0/helidon-health-3.1.0.jar:/home/rockerzega/.m2/repository/io/helidon/fault-tolerance/helidon-fault-tolerance/3.1.0/helidon-fault-tolerance-3.1.0.jar:/home/rockerzega/.m2/repository/org/eclipse/microprofile/health/microprofile-health-api/4.0/microprofile-health-api-4.0.jar:/home/rockerzega/.m2/repository/io/helidon/health/helidon-health-common/3.1.0/helidon-health-common-3.1.0.jar:/home/rockerzega/.m2/repository/jakarta/json/bind/jakarta.json.bind-api/2.0.0/jakarta.json.bind-api-2.0.0.jar:/home/rockerzega/.m2/repository/org/glassfish/jersey/media/jersey-media-json-binding/3.0.8/jersey-media-json-binding-3.0.8.jar:/home/rockerzega/.m2/repository/org/glassfish/jersey/core/jersey-common/3.0.8/jersey-common-3.0.8.jar:/home/rockerzega/.m2/repository/jakarta/ws/rs/jakarta.ws.rs-api/3.0.0/jakarta.ws.rs-api-3.0.0.jar:/home/rockerzega/.m2/repository/jakarta/inject/jakarta.inject-api/2.0.0/jakarta.inject-api-2.0.0.jar:/home/rockerzega/.m2/repository/org/glassfish/hk2/osgi-resource-locator/1.0.3/osgi-resource-locator-1.0.3.jar:/home/rockerzega/.m2/repository/jakarta/json/jakarta.json-api/2.0.1/jakarta.json-api-2.0.1.jar:/home/rockerzega/.m2/repository/org/eclipse/parsson/parsson/1.0.2/parsson-1.0.2.jar:/home/rockerzega/.m2/repository/org/eclipse/yasson/2.0.4/yasson-2.0.4.jar:/home/rockerzega/.m2/repository/org/glassfish/jakarta.json/2.0.0/jakarta.json-2.0.0-module.jar:/home/rockerzega/.m2/repository/org/jboss/jandex/2.4.3.Final/jandex-2.4.3.Final.jar:/home/rockerzega/.m2/repository/jakarta/activation/jakarta.activation-api/2.0.1/jakarta.activation-api-2.0.1.jar:/home/rockerzega/.m2/repository/org/junit/jupiter/junit-jupiter-api/5.7.0/junit-jupiter-api-5.7.0.jar:/home/rockerzega/.m2/repository/org/apiguardian/apiguardian-api/1.1.0/apiguardian-api-1.1.0.jar:/home/rockerzega/.m2/repository/org/opentest4j/opentest4j/1.2.0/opentest4j-1.2.0.jar:/home/rockerzega/.m2/repository/org/junit/platform/junit-platform-commons/1.7.0/junit-platform-commons-1.7.0.jar:/home/rockerzega/.m2/repository/io/helidon/microprofile/tests/helidon-microprofile-tests-junit5/3.1.0/helidon-microprofile-tests-junit5-3.1.0.jar:/home/rockerzega/.m2/repository/io/helidon/jersey/helidon-jersey-client/3.1.0/helidon-jersey-client-3.1.0.jar:/home/rockerzega/.m2/repository/org/glassfish/jersey/core/jersey-client/3.0.8/jersey-client-3.0.8.jar:/home/rockerzega/.m2/repository/org/glassfish/jersey/inject/jersey-hk2/3.0.8/jersey-hk2-3.0.8.jar:/home/rockerzega/.m2/repository/org/glassfish/hk2/hk2-locator/3.0.3/hk2-locator-3.0.3.jar:/home/rockerzega/.m2/repository/org/glassfish/hk2/external/aopalliance-repackaged/3.0.3/aopalliance-repackaged-3.0.3.jar:/home/rockerzega/.m2/repository/org/glassfish/hk2/hk2-api/3.0.3/hk2-api-3.0.3.jar:/home/rockerzega/.m2/repository/org/glassfish/hk2/hk2-utils/3.0.3/hk2-utils-3.0.3.jar:/home/rockerzega/.m2/repository/org/javassist/javassist/3.28.0-GA/javassist-3.28.0-GA.jar:/home/rockerzega/.m2/repository/jakarta/xml/bind/jakarta.xml.bind-api/3.0.1/jakarta.xml.bind-api-3.0.1.jar:/home/rockerzega/.m2/repository/com/sun/activation/jakarta.activation/2.0.1/jakarta.activation-2.0.1.jar:/home/rockerzega/.m2/repository/io/helidon/common/helidon-common-context/3.1.0/helidon-common-context-3.1.0.jar:/home/rockerzega/.m2/repository/io/helidon/config/helidon-config-yaml-mp/3.1.0/helidon-config-yaml-mp-3.1.0.jar:/home/rockerzega/.m2/repository/org/hamcrest/hamcrest-all/1.3/hamcrest-all-1.3.jar:/home/rockerzega/.m2/repository/io/jooby/jooby-hikari/2.16.1/jooby-hikari-2.16.1.jar:/home/rockerzega/.m2/repository/io/jooby/jooby/2.16.1/jooby-2.16.1.jar:/home/rockerzega/.m2/repository/com/google/code/findbugs/jsr305/3.0.2/jsr305-3.0.2.jar:/home/rockerzega/.m2/repository/org/slf4j/slf4j-api/1.7.32/slf4j-api-1.7.32.jar:/home/rockerzega/.m2/repository/javax/inject/javax.inject/1/javax.inject-1.jar:/home/rockerzega/.m2/repository/com/typesafe/config/1.4.2/config-1.4.2.jar:/home/rockerzega/.m2/repository/com/zaxxer/HikariCP/5.0.1/HikariCP-5.0.1.jar:/home/rockerzega/.m2/repository/io/jooby/jooby-jdbi/2.16.1/jooby-jdbi-2.16.1.jar:/home/rockerzega/.m2/repository/org/jdbi/jdbi3-core/3.32.0/jdbi3-core-3.32.0.jar:/home/rockerzega/.m2/repository/io/leangen/geantyref/geantyref/1.3.13/geantyref-1.3.13.jar:/home/rockerzega/.m2/repository/com/github/ben-manes/caffeine/caffeine/3.0.3/caffeine-3.0.3.jar:/home/rockerzega/.m2/repository/postgresql/postgresql/9.1-901-1.jdbc4/postgresql-9.1-901-1.jdbc4.jar:"/>
    <property name="java.vm.vendor" value="Red Hat, Inc."/>
    <property name="sun.arch.data.model" value="64"/>
    <property name="java.vendor.url" value="https://www.redhat.com/"/>
    <property name="user.timezone" value="America/Guayaquil"/>
    <property name="os.name" value="Linux"/>
    <property name="java.vm.specification.version" value="17"/>
    <property name="sun.java.launcher" value="SUN_STANDARD"/>
    <property name="user.country" value="EC"/>
    <property name="sun.boot.library.path" value="/usr/lib/jvm/java-17-openjdk-17.0.5.0.8-3.fc36.x86_64/lib"/>
    <property name="sun.java.command" value="/home/rockerzega/Documentos/hel/helidon-quickstart-mp/target/surefire/surefirebooter16378934550845938912.jar /home/rockerzega/Documentos/hel/helidon-quickstart-mp/target/surefire 2023-01-06T01-52-13_015-jvmRun1 surefire2939806508747006313tmp surefire_013502860367682785105tmp"/>
    <property name="jdk.debug" value="release"/>
    <property name="surefire.test.class.path" value="/home/rockerzega/Documentos/hel/helidon-quickstart-mp/target/test-classes:/home/rockerzega/Documentos/hel/helidon-quickstart-mp/target/classes:/home/rockerzega/.m2/repository/io/helidon/microprofile/bundles/helidon-microprofile-core/3.1.0/helidon-microprofile-core-3.1.0.jar:/home/rockerzega/.m2/repository/io/helidon/microprofile/server/helidon-microprofile-server/3.1.0/helidon-microprofile-server-3.1.0.jar:/home/rockerzega/.m2/repository/io/helidon/microprofile/cdi/helidon-microprofile-cdi/3.1.0/helidon-microprofile-cdi-3.1.0.jar:/home/rockerzega/.m2/repository/io/helidon/microprofile/weld/weld-se-core/3.1.0/weld-se-core-3.1.0.jar:/home/rockerzega/.m2/repository/io/helidon/microprofile/weld/weld-core-impl/3.1.0/weld-core-impl-3.1.0.jar:/home/rockerzega/.m2/repository/org/jboss/weld/environment/weld-environment-common/4.0.2.Final/weld-environment-common-4.0.2.Final.jar:/home/rockerzega/.m2/repository/org/jboss/weld/weld-api/4.0.SP1/weld-api-4.0.SP1.jar:/home/rockerzega/.m2/repository/org/jboss/weld/weld-spi/4.0.SP1/weld-spi-4.0.SP1.jar:/home/rockerzega/.m2/repository/org/jboss/logging/jboss-logging/3.4.2.Final/jboss-logging-3.4.2.Final.jar:/home/rockerzega/.m2/repository/org/jboss/classfilewriter/jboss-classfilewriter/1.2.5.Final/jboss-classfilewriter-1.2.5.Final.jar:/home/rockerzega/.m2/repository/io/helidon/webserver/helidon-webserver/3.1.0/helidon-webserver-3.1.0.jar:/home/rockerzega/.m2/repository/io/helidon/common/helidon-common-reactive/3.1.0/helidon-common-reactive-3.1.0.jar:/home/rockerzega/.m2/repository/io/helidon/common/helidon-common-mapper/3.1.0/helidon-common-mapper-3.1.0.jar:/home/rockerzega/.m2/repository/io/helidon/media/helidon-media-common/3.1.0/helidon-media-common-3.1.0.jar:/home/rockerzega/.m2/repository/io/helidon/common/helidon-common-key-util/3.1.0/helidon-common-key-util-3.1.0.jar:/home/rockerzega/.m2/repository/io/helidon/logging/helidon-logging-common/3.1.0/helidon-logging-common-3.1.0.jar:/home/rockerzega/.m2/repository/io/helidon/tracing/helidon-tracing/3.1.0/helidon-tracing-3.1.0.jar:/home/rockerzega/.m2/repository/io/helidon/tracing/helidon-tracing-config/3.1.0/helidon-tracing-config-3.1.0.jar:/home/rockerzega/.m2/repository/io/netty/netty-codec-http/4.1.86.Final/netty-codec-http-4.1.86.Final.jar:/home/rockerzega/.m2/repository/io/netty/netty-common/4.1.86.Final/netty-common-4.1.86.Final.jar:/home/rockerzega/.m2/repository/io/netty/netty-transport/4.1.86.Final/netty-transport-4.1.86.Final.jar:/home/rockerzega/.m2/repository/io/netty/netty-codec/4.1.86.Final/netty-codec-4.1.86.Final.jar:/home/rockerzega/.m2/repository/io/netty/netty-handler/4.1.86.Final/netty-handler-4.1.86.Final.jar:/home/rockerzega/.m2/repository/io/netty/netty-resolver/4.1.86.Final/netty-resolver-4.1.86.Final.jar:/home/rockerzega/.m2/repository/io/netty/netty-transport-native-unix-common/4.1.86.Final/netty-transport-native-unix-common-4.1.86.Final.jar:/home/rockerzega/.m2/repository/io/helidon/webserver/helidon-webserver-static-content/3.1.0/helidon-webserver-static-content-3.1.0.jar:/home/rockerzega/.m2/repository/io/helidon/common/helidon-common-media-type/3.1.0/helidon-common-media-type-3.1.0.jar:/home/rockerzega/.m2/repository/io/helidon/webserver/helidon-webserver-jersey/3.1.0/helidon-webserver-jersey-3.1.0.jar:/home/rockerzega/.m2/repository/io/helidon/jersey/helidon-jersey-server/3.1.0/helidon-jersey-server-3.1.0.jar:/home/rockerzega/.m2/repository/org/glassfish/jersey/core/jersey-server/3.0.8/jersey-server-3.0.8.jar:/home/rockerzega/.m2/repository/jakarta/validation/jakarta.validation-api/3.0.0/jakarta.validation-api-3.0.0.jar:/home/rockerzega/.m2/repository/io/netty/netty-buffer/4.1.86.Final/netty-buffer-4.1.86.Final.jar:/home/rockerzega/.m2/repository/jakarta/interceptor/jakarta.interceptor-api/2.0.0/jakarta.interceptor-api-2.0.0.jar:/home/rockerzega/.m2/repository/jakarta/enterprise/jakarta.enterprise.cdi-api/3.0.0/jakarta.enterprise.cdi-api-3.0.0.jar:/home/rockerzega/.m2/repository/jakarta/el/jakarta.el-api/4.0.0/jakarta.el-api-4.0.0.jar:/home/rockerzega/.m2/repository/io/helidon/media/helidon-media-jsonp/3.1.0/helidon-media-jsonp-3.1.0.jar:/home/rockerzega/.m2/repository/io/helidon/config/helidon-config-yaml/3.1.0/helidon-config-yaml-3.1.0.jar:/home/rockerzega/.m2/repository/org/glassfish/jersey/ext/cdi/jersey-weld2-se/3.0.8/jersey-weld2-se-3.0.8.jar:/home/rockerzega/.m2/repository/org/glassfish/jersey/ext/cdi/jersey-cdi1x/3.0.8/jersey-cdi1x-3.0.8.jar:/home/rockerzega/.m2/repository/io/helidon/jersey/helidon-jersey-media-jsonp/3.1.0/helidon-jersey-media-jsonp-3.1.0.jar:/home/rockerzega/.m2/repository/org/glassfish/jersey/media/jersey-media-json-processing/3.0.8/jersey-media-json-processing-3.0.8.jar:/home/rockerzega/.m2/repository/org/eclipse/parsson/parsson-media/1.0.2/parsson-media-1.0.2.jar:/home/rockerzega/.m2/repository/io/helidon/microprofile/config/helidon-microprofile-config/3.1.0/helidon-microprofile-config-3.1.0.jar:/home/rockerzega/.m2/repository/io/helidon/config/helidon-config-mp/3.1.0/helidon-config-mp-3.1.0.jar:/home/rockerzega/.m2/repository/io/helidon/config/helidon-config-encryption/3.1.0/helidon-config-encryption-3.1.0.jar:/home/rockerzega/.m2/repository/io/helidon/common/helidon-common-crypto/3.1.0/helidon-common-crypto-3.1.0.jar:/home/rockerzega/.m2/repository/io/helidon/config/helidon-config-object-mapping/3.1.0/helidon-config-object-mapping-3.1.0.jar:/home/rockerzega/.m2/repository/io/helidon/microprofile/openapi/helidon-microprofile-openapi/3.1.0/helidon-microprofile-openapi-3.1.0.jar:/home/rockerzega/.m2/repository/org/eclipse/microprofile/config/microprofile-config-api/3.0.1/microprofile-config-api-3.0.1.jar:/home/rockerzega/.m2/repository/io/helidon/openapi/helidon-openapi/3.1.0/helidon-openapi-3.1.0.jar:/home/rockerzega/.m2/repository/io/smallrye/smallrye-open-api-core/2.1.16/smallrye-open-api-core-2.1.16.jar:/home/rockerzega/.m2/repository/io/smallrye/smallrye-open-api-jaxrs/2.1.16/smallrye-open-api-jaxrs-2.1.16.jar:/home/rockerzega/.m2/repository/org/yaml/snakeyaml/1.32/snakeyaml-1.32.jar:/home/rockerzega/.m2/repository/io/helidon/config/helidon-config/3.1.0/helidon-config-3.1.0.jar:/home/rockerzega/.m2/repository/org/eclipse/microprofile/openapi/microprofile-openapi-api/3.0/microprofile-openapi-api-3.0.jar:/home/rockerzega/.m2/repository/io/helidon/webserver/helidon-webserver-cors/3.1.0/helidon-webserver-cors-3.1.0.jar:/home/rockerzega/.m2/repository/org/eclipse/microprofile/metrics/microprofile-metrics-api/4.0/microprofile-metrics-api-4.0.jar:/home/rockerzega/.m2/repository/io/helidon/microprofile/metrics/helidon-microprofile-metrics/3.1.0/helidon-microprofile-metrics-3.1.0.jar:/home/rockerzega/.m2/repository/io/helidon/common/helidon-common/3.1.0/helidon-common-3.1.0.jar:/home/rockerzega/.m2/repository/io/helidon/service-common/helidon-service-common-rest-cdi/3.1.0/helidon-service-common-rest-cdi-3.1.0.jar:/home/rockerzega/.m2/repository/io/helidon/service-common/helidon-service-common-rest/3.1.0/helidon-service-common-rest-3.1.0.jar:/home/rockerzega/.m2/repository/io/helidon/metrics/helidon-metrics-api/3.1.0/helidon-metrics-api-3.1.0.jar:/home/rockerzega/.m2/repository/io/helidon/common/helidon-common-http/3.1.0/helidon-common-http-3.1.0.jar:/home/rockerzega/.m2/repository/io/helidon/metrics/helidon-metrics-service-api/3.1.0/helidon-metrics-service-api-3.1.0.jar:/home/rockerzega/.m2/repository/io/helidon/common/helidon-common-service-loader/3.1.0/helidon-common-service-loader-3.1.0.jar:/home/rockerzega/.m2/repository/jakarta/annotation/jakarta.annotation-api/2.0.0/jakarta.annotation-api-2.0.0.jar:/home/rockerzega/.m2/repository/io/helidon/metrics/helidon-metrics/3.1.0/helidon-metrics-3.1.0.jar:/home/rockerzega/.m2/repository/io/helidon/common/helidon-common-configurable/3.1.0/helidon-common-configurable-3.1.0.jar:/home/rockerzega/.m2/repository/io/helidon/microprofile/health/helidon-microprofile-health/3.1.0/helidon-microprofile-health-3.1.0.jar:/home/rockerzega/.m2/repository/io/helidon/health/helidon-health/3.1.0/helidon-health-3.1.0.jar:/home/rockerzega/.m2/repository/io/helidon/fault-tolerance/helidon-fault-tolerance/3.1.0/helidon-fault-tolerance-3.1.0.jar:/home/rockerzega/.m2/repository/org/eclipse/microprofile/health/microprofile-health-api/4.0/microprofile-health-api-4.0.jar:/home/rockerzega/.m2/repository/io/helidon/health/helidon-health-common/3.1.0/helidon-health-common-3.1.0.jar:/home/rockerzega/.m2/repository/jakarta/json/bind/jakarta.json.bind-api/2.0.0/jakarta.json.bind-api-2.0.0.jar:/home/rockerzega/.m2/repository/org/glassfish/jersey/media/jersey-media-json-binding/3.0.8/jersey-media-json-binding-3.0.8.jar:/home/rockerzega/.m2/repository/org/glassfish/jersey/core/jersey-common/3.0.8/jersey-common-3.0.8.jar:/home/rockerzega/.m2/repository/jakarta/ws/rs/jakarta.ws.rs-api/3.0.0/jakarta.ws.rs-api-3.0.0.jar:/home/rockerzega/.m2/repository/jakarta/inject/jakarta.inject-api/2.0.0/jakarta.inject-api-2.0.0.jar:/home/rockerzega/.m2/repository/org/glassfish/hk2/osgi-resource-locator/1.0.3/osgi-resource-locator-1.0.3.jar:/home/rockerzega/.m2/repository/jakarta/json/jakarta.json-api/2.0.1/jakarta.json-api-2.0.1.jar:/home/rockerzega/.m2/repository/org/eclipse/parsson/parsson/1.0.2/parsson-1.0.2.jar:/home/rockerzega/.m2/repository/org/eclipse/yasson/2.0.4/yasson-2.0.4.jar:/home/rockerzega/.m2/repository/org/glassfish/jakarta.json/2.0.0/jakarta.json-2.0.0-module.jar:/home/rockerzega/.m2/repository/org/jboss/jandex/2.4.3.Final/jandex-2.4.3.Final.jar:/home/rockerzega/.m2/repository/jakarta/activation/jakarta.activation-api/2.0.1/jakarta.activation-api-2.0.1.jar:/home/rockerzega/.m2/repository/org/junit/jupiter/junit-jupiter-api/5.7.0/junit-jupiter-api-5.7.0.jar:/home/rockerzega/.m2/repository/org/apiguardian/apiguardian-api/1.1.0/apiguardian-api-1.1.0.jar:/home/rockerzega/.m2/repository/org/opentest4j/opentest4j/1.2.0/opentest4j-1.2.0.jar:/home/rockerzega/.m2/repository/org/junit/platform/junit-platform-commons/1.7.0/junit-platform-commons-1.7.0.jar:/home/rockerzega/.m2/repository/io/helidon/microprofile/tests/helidon-microprofile-tests-junit5/3.1.0/helidon-microprofile-tests-junit5-3.1.0.jar:/home/rockerzega/.m2/repository/io/helidon/jersey/helidon-jersey-client/3.1.0/helidon-jersey-client-3.1.0.jar:/home/rockerzega/.m2/repository/org/glassfish/jersey/core/jersey-client/3.0.8/jersey-client-3.0.8.jar:/home/rockerzega/.m2/repository/org/glassfish/jersey/inject/jersey-hk2/3.0.8/jersey-hk2-3.0.8.jar:/home/rockerzega/.m2/repository/org/glassfish/hk2/hk2-locator/3.0.3/hk2-locator-3.0.3.jar:/home/rockerzega/.m2/repository/org/glassfish/hk2/external/aopalliance-repackaged/3.0.3/aopalliance-repackaged-3.0.3.jar:/home/rockerzega/.m2/repository/org/glassfish/hk2/hk2-api/3.0.3/hk2-api-3.0.3.jar:/home/rockerzega/.m2/repository/org/glassfish/hk2/hk2-utils/3.0.3/hk2-utils-3.0.3.jar:/home/rockerzega/.m2/repository/org/javassist/javassist/3.28.0-GA/javassist-3.28.0-GA.jar:/home/rockerzega/.m2/repository/jakarta/xml/bind/jakarta.xml.bind-api/3.0.1/jakarta.xml.bind-api-3.0.1.jar:/home/rockerzega/.m2/repository/com/sun/activation/jakarta.activation/2.0.1/jakarta.activation-2.0.1.jar:/home/rockerzega/.m2/repository/io/helidon/common/helidon-common-context/3.1.0/helidon-common-context-3.1.0.jar:/home/rockerzega/.m2/repository/io/helidon/config/helidon-config-yaml-mp/3.1.0/helidon-config-yaml-mp-3.1.0.jar:/home/rockerzega/.m2/repository/org/hamcrest/hamcrest-all/1.3/hamcrest-all-1.3.jar:/home/rockerzega/.m2/repository/io/jooby/jooby-hikari/2.16.1/jooby-hikari-2.16.1.jar:/home/rockerzega/.m2/repository/io/jooby/jooby/2.16.1/jooby-2.16.1.jar:/home/rockerzega/.m2/repository/com/google/code/findbugs/jsr305/3.0.2/jsr305-3.0.2.jar:/home/rockerzega/.m2/repository/org/slf4j/slf4j-api/1.7.32/slf4j-api-1.7.32.jar:/home/rockerzega/.m2/repository/javax/inject/javax.inject/1/javax.inject-1.jar:/home/rockerzega/.m2/repository/com/typesafe/config/1.4.2/config-1.4.2.jar:/home/rockerzega/.m2/repository/com/zaxxer/HikariCP/5.0.1/HikariCP-5.0.1.jar:/home/rockerzega/.m2/repository/io/jooby/jooby-jdbi/2.16.1/jooby-jdbi-2.16.1.jar:/home/rockerzega/.m2/repository/org/jdbi/jdbi3-core/3.32.0/jdbi3-core-3.32.0.jar:/home/rockerzega/.m2/repository/io/leangen/geantyref/geantyref/1.3.13/geantyref-1.3.13.jar:/home/rockerzega/.m2/repository/com/github/ben-manes/caffeine/caffeine/3.0.3/caffeine-3.0.3.jar:/home/rockerzega/.m2/repository/postgresql/postgresql/9.1-901-1.jdbc4/postgresql-9.1-901-1.jdbc4.jar:"/>
    <property name="sun.cpu.endian" value="little"/>
    <property name="user.home" value="/home/rockerzega"/>
    <property name="user.language" value="es"/>
    <property name="java.specification.vendor" value="Oracle Corporation"/>
    <property name="io.netty.allocator.maxOrder" value="6"/>
    <property name="java.version.date" value="2022-10-18"/>
    <property name="java.home" value="/usr/lib/jvm/java-17-openjdk-17.0.5.0.8-3.fc36.x86_64"/>
    <property name="file.separator" value="/"/>
    <property name="basedir" value="/home/rockerzega/Documentos/hel/helidon-quickstart-mp"/>
    <property name="java.vm.compressedOopsMode" value="32-bit"/>
    <property name="line.separator" value="&#10;"/>
    <property name="java.specification.name" value="Java Platform API Specification"/>
    <property name="java.vm.specification.vendor" value="Oracle Corporation"/>
    <property name="surefire.real.class.path" value="/home/rockerzega/Documentos/hel/helidon-quickstart-mp/target/surefire/surefirebooter16378934550845938912.jar"/>
    <property name="java.util.logging.config.file" value="/home/rockerzega/Documentos/hel/helidon-quickstart-mp/target/classes/logging.properties"/>
    <property name="sun.management.compiler" value="HotSpot 64-Bit Tiered Compilers"/>
    <property name="java.runtime.version" value="17.0.5+8"/>
    <property name="user.name" value="rockerzega"/>
    <property name="path.separator" value=":"/>
    <property name="os.version" value="6.0.16-200.fc36.x86_64"/>
    <property name="java.runtime.name" value="OpenJDK Runtime Environment"/>
    <property name="file.encoding" value="UTF-8"/>
    <property name="java.vm.name" value="OpenJDK 64-Bit Server VM"/>
    <property name="java.vendor.version" value="(Red_Hat-17.0.5.0.8-3.fc36)"/>
    <property name="localRepository" value="/home/rockerzega/.m2/repository"/>
    <property name="jersey.config.client.ignoreExceptionResponse" value="true"/>
    <property name="java.vendor.url.bug" value="https://bugzilla.redhat.com/enter_bug.cgi?product=Fedora&amp;component=java-17-openjdk&amp;version=36"/>
    <property name="java.io.tmpdir" value="/tmp"/>
    <property name="java.version" value="17.0.5"/>
    <property name="user.dir" value="/home/rockerzega/Documentos/hel/helidon-quickstart-mp"/>
    <property name="os.arch" value="amd64"/>
    <property name="java.vm.specification.name" value="Java Virtual Machine Specification"/>
    <property name="native.encoding" value="UTF-8"/>
    <property name="java.library.path" value="/usr/java/packages/lib:/usr/lib64:/lib64:/lib:/usr/lib"/>
    <property name="java.vm.info" value="mixed mode, sharing"/>
    <property name="java.vendor" value="Red Hat, Inc."/>
    <property name="java.vm.version" value="17.0.5+8"/>
    <property name="sun.io.unicode.encoding" value="UnicodeLittle"/>
    <property name="java.class.version" value="61.0"/>
  </properties>
  <testcase name="testGreetings" classname="io.helidon.examples.quickstart.mp.MainTest" time="1.187">
    <system-out><![CDATA[2023.01.06 01:52:20 INFORMACIÓN io.helidon.common.LogConfig Thread[main,5,main]: Logging at initialization configured using /home/rockerzega/Documentos/hel/helidon-quickstart-mp/target/classes/logging.properties
2023.01.06 01:52:21 INFORMACIÓN io.helidon.microprofile.server.ServerCdiExtension Thread[main,5,main]: Registering JAX-RS Application: HelidonMP
2023.01.06 01:52:23 INFORMACIÓN io.helidon.webserver.NettyWebServer Thread[nioEventLoopGroup-2-1,10,main]: Channel '@default' started: [id: 0xc57324e5, L:/[0:0:0:0:0:0:0:0]:35811]
2023.01.06 01:52:23 INFORMACIÓN io.helidon.microprofile.server.ServerCdiExtension Thread[main,5,main]: Server started on http://localhost:35811 (and all other host addresses) in 9141 milliseconds (since JVM startup).
2023.01.06 01:52:24 INFORMACIÓN io.helidon.common.HelidonFeatures Thread[features-thread,5,main]: Helidon MP 3.1.0 features: [CDI, Config, Health, JAX-RS, Metrics, Open API, Server]
]]></system-out>
    <system-err><![CDATA[SLF4J: Failed to load class "org.slf4j.impl.StaticLoggerBinder".
SLF4J: Defaulting to no-operation (NOP) logger implementation
SLF4J: See http://www.slf4j.org/codes.html#StaticLoggerBinder for further details.
]]></system-err>
  </testcase>
  <testcase name="testGreet" classname="io.helidon.examples.quickstart.mp.MainTest" time="0.046"/>
  <testcase name="testMetrics" classname="io.helidon.examples.quickstart.mp.MainTest" time="0.087"/>
  <testcase name="testHealth" classname="io.helidon.examples.quickstart.mp.MainTest" time="0.07"/>
  <testcase name="testMicroprofileMetrics" classname="io.helidon.examples.quickstart.mp.MainTest" time="0.071"/>
</testsuite>